2024-07-13 22:37:16.853985 OK: 8 Life for Planet Earth - main - https://radio.8vies.fr:8443/main.mp3
2024-07-13 22:37:23.855601 OK: D3EP - main - https://streams.d3ep.com:8008/192
2024-07-13 22:37:30.857107 OK: Deep Radio - main - https://22613.live.streamtheworld.com/DEEP_RADIOAAC.aac
2024-07-13 22:37:37.858737 OK: Itch FM - main - https://streaming.radio.co/s264858a04/listen
2024-07-13 22:37:44.860267 OK: Kane FM - main - https://stream.kanefm.com:10375/;html5
2024-07-13 22:37:51.861776 OK: KPFA - main - https://streams.kpfa.org:8443/kpfa
2024-07-13 22:37:58.862884 OK: Lounge Radio - main - http://nl1.lounge-radio.com
2024-07-13 22:38:05.864130 BOO: Making Waves Radio - main - https://stream-152.zeno.fm/5dgevfbqyhhvv
2024-07-13 22:38:12.865611 OK: MasterMixer@Work - main - https://stream.jammfmradio.com/proxy/mmw320.php
2024-07-13 22:38:19.866529 OK: Minimal Mix Radio - main - http://148.251.43.231:8750/media
2024-07-13 22:38:26.868044 OK: NTS - NTS 1 - https://stream-relay-geo.ntslive.net/stream
2024-07-13 22:38:33.869498 OK: NTS - NTS 2 - https://stream-relay-geo.ntslive.net/stream2
2024-07-13 22:38:40.870372 OK: Proton Radio - main - http://shoutcast.protonradio.com:7000/stream
2024-07-13 22:38:47.871391 OK: Public Domain Radio - Classical - http://relay.publicdomainradio.org:80/classical.mp3
2024-07-13 22:38:54.872272 OK: Public Domain Radio - Jazz - http://relay.publicdomainradio.org:80/jazz_swing.mp3
2024-07-13 22:39:01.873213 OK: Radio PARALAX - Broadband - http://radio-paralax.de:8000/stream
2024-07-13 22:39:08.874241 OK: Radio PARALAX - Mobile - http://radio-paralax.de:8000/stream/2/
2024-07-13 22:39:15.875728 OK: SomaFM - Beat Blender - https://ice4.somafm.com/beatblender-128-mp3
2024-07-13 22:39:22.877145 OK: SomaFM - Deep Space One - https://ice4.somafm.com/deepspaceone-128-mp3
2024-07-13 22:39:29.878629 OK: SomaFM - Drone Zone - https://ice4.somafm.com/dronezone-256-mp3
2024-07-13 22:39:36.880083 OK: SomaFM - Groove Salad Classic - https://ice4.somafm.com/gsclassic-128-mp3
2024-07-13 22:39:43.881507 OK: SomaFM - Groove Salad - https://ice6.somafm.com/groovesalad-256-mp3
2024-07-13 22:39:50.882842 OK: SomaFM - Left Coast 70s - https://ice4.somafm.com/seventies-320-mp3
2024-07-13 22:39:57.884377 OK: SomaFM - Mission Control - https://ice6.somafm.com/missioncontrol-128-mp3
2024-07-13 22:40:04.886600 OK: SomaFM - n5MD Radio - https://ice6.somafm.com/n5md-128-mp3
2024-07-13 22:40:11.888167 OK: SomaFM - Secret Agent - https://ice4.somafm.com/secretagent-128-mp3
2024-07-13 22:40:18.889609 OK: SomaFM - Seven Inch Soul - https://ice6.somafm.com/7soul-128-mp3
2024-07-13 22:40:25.891170 OK: SomaFM - SF 10-33 - https://ice6.somafm.com/sf1033-128-mp3
2024-07-13 22:40:32.892616 OK: SomaFM - Space Station Soma - https://ice4.somafm.com/spacestation-128-mp3
2024-07-13 22:40:39.894295 OK: SomaFM - The Dark Zone - https://ice6.somafm.com/darkzone-256-mp3
2024-07-13 22:40:46.895870 OK: SomaFM - Vaporwaves - https://ice6.somafm.com/vaporwaves-128-mp3
2024-07-13 22:40:53.897404 OK: Vintage Obscura - main - https://radio.vintageobscura.net/stream